<?xml version="1.0" encoding="UTF-8"?>
<!-- Generated by org.testng.reporters.JUnitReportReporter -->
<testsuite skipped="0" hostname="DESKTOP-ESA3J1T" name="customerOrder.Base" tests="3" failures="0" timestamp="2020-11-29T11:04:15 EST" time="38.293" errors="0">
  <testcase name="changeLocation" time="9.156" classname="customerOrder.Base"/>
  <system-out/>
  <testcase name="bookWithQsmiles" time="6.977" classname="customerOrder.Base"/>
  <system-out/>
  <testcase name="doubleClickelement" time="22.160" classname="customerOrder.Base"/>
  <system-out/>
</testsuite> <!-- customerOrder.Base -->
